
Nov 27, 2016 14:51:10.82 NEW SESSION
Nov 27, 2016 14:51:10.82 console.info: 2016-11-27T09:21:10.820Z: Starting adguard addon...
Nov 27, 2016 14:51:10.82 console.info: 2016-11-27T09:21:10.822Z: Initializing webRequest...
Nov 27, 2016 14:51:10.82 console.info: 2016-11-27T09:21:10.824Z: Collapse style registered successfully
Nov 27, 2016 14:51:10.82 console.info: 2016-11-27T09:21:10.826Z: Selector style registered successfully
Nov 27, 2016 14:51:10.98 console.info: 2016-11-27T09:21:10.988Z: Groups metadata loaded
Nov 27, 2016 14:51:11.05 console.info: 2016-11-27T09:21:11.052Z: Filters metadata loaded
Nov 27, 2016 14:51:11.05 console.info: 2016-11-27T09:21:11.054Z: Starting loading filter rules from the storage
Nov 27, 2016 14:51:11.24 console.info: 2016-11-27T09:21:11.242Z: Finished loading filter rules from the storage in 188 ms
Nov 27, 2016 14:51:11.24 console.info: 2016-11-27T09:21:11.243Z: Starting request filter initialization. Async=true
Nov 27, 2016 14:51:13.42 console.info: 2016-11-27T09:21:13.426Z: Finished request filter initialization in 2183 ms. Rules count: 62178
Nov 27, 2016 14:56:11.05 console.info: 2016-11-27T09:26:11.057Z: Start checking filters updates
Nov 27, 2016 14:56:11.05 console.info: 2016-11-27T09:26:11.058Z: Checking updates for 1 filters

Nov 29, 2016 14:46:03.78 NEW SESSION
Nov 29, 2016 14:46:03.78 
Nov 29, 2016 14:46:03.80 ###!!! [Parent][OnMaybeDequeueOne] Error: Channel closing: too late to send/recv, messages will be lost
Nov 29, 2016 14:46:03.80 
Nov 29, 2016 14:46:06.82 console.info: 2016-11-29T09:16:06.819Z: Starting adguard addon...
Nov 29, 2016 14:46:06.82 console.info: 2016-11-29T09:16:06.822Z: Initializing webRequest...
Nov 29, 2016 14:46:06.82 console.info: 2016-11-29T09:16:06.824Z: Collapse style registered successfully
Nov 29, 2016 14:46:06.83 console.info: 2016-11-29T09:16:06.839Z: Selector style registered successfully
Nov 29, 2016 14:46:07.08 console.info: 2016-11-29T09:16:07.088Z: Groups metadata loaded
Nov 29, 2016 14:46:07.15 console.info: 2016-11-29T09:16:07.151Z: Filters metadata loaded
Nov 29, 2016 14:46:07.15 console.info: 2016-11-29T09:16:07.153Z: Starting loading filter rules from the storage
Nov 29, 2016 14:46:07.62 console.info: 2016-11-29T09:16:07.626Z: Finished loading filter rules from the storage in 472 ms
Nov 29, 2016 14:46:07.62 console.info: 2016-11-29T09:16:07.626Z: Starting request filter initialization. Async=true
Nov 29, 2016 14:46:10.13 console.info: 2016-11-29T09:16:10.131Z: Finished request filter initialization in 2505 ms. Rules count: 62178

Dec 01, 2016 09:00:49.15 NEW SESSION
Dec 01, 2016 09:00:49.15 console.info: 2016-12-01T03:30:49.152Z: Starting adguard addon...
Dec 01, 2016 09:00:49.16 console.info: 2016-12-01T03:30:49.155Z: Initializing webRequest...
Dec 01, 2016 09:00:49.16 console.info: 2016-12-01T03:30:49.157Z: Collapse style registered successfully
Dec 01, 2016 09:00:49.18 console.info: 2016-12-01T03:30:49.184Z: Selector style registered successfully
Dec 01, 2016 09:00:49.42 console.info: 2016-12-01T03:30:49.424Z: Groups metadata loaded
Dec 01, 2016 09:00:49.49 console.info: 2016-12-01T03:30:49.490Z: Filters metadata loaded
Dec 01, 2016 09:00:49.49 console.info: 2016-12-01T03:30:49.492Z: Starting loading filter rules from the storage
Dec 01, 2016 09:00:50.54 console.info: 2016-12-01T03:30:50.540Z: Finished loading filter rules from the storage in 1048 ms
Dec 01, 2016 09:00:50.54 console.info: 2016-12-01T03:30:50.541Z: Starting request filter initialization. Async=true
Dec 01, 2016 09:00:54.00 console.info: 2016-12-01T03:30:54.001Z: Finished request filter initialization in 3460 ms. Rules count: 62380
